<?xml version="1.0" encoding="UTF-8"?>
<!-- Generated by org.testng.reporters.JUnitXMLReporter -->
<testsuite hostname="HP" ignored="0" name="Default test" tests="3" failures="0" timestamp="17 Jan 2020 10:47:00 GMT" time="136.417" errors="0">
  <testcase name="loginPageTitleTest" time="36.221" classname="com.fb.qa.testcases.fbStatusPostingValidation"/>
  <testcase name="homePageTitleTest" time="0.047" classname="com.fb.qa.testcases.fbStatusPostingValidation"/>
  <testcase name="postStatusMessageValidate" time="14.438" classname="com.fb.qa.testcases.fbStatusPostingValidation"/>
</testsuite> <!-- Default test -->
