<?xml version="1.0" encoding="UTF-8"?>
<!-- Generated by org.testng.reporters.JUnitXMLReporter -->
<testsuite hostname="HP" ignored="0" name="Default test" tests="3" failures="0" timestamp="16 Jan 2020 12:18:38 GMT" time="137.228" errors="0">
  <testcase name="loginPageTitleTest" time="50.551" classname="com.fb.qa.testcases.fbStatusPostingValidation"/>
  <testcase name="homePageTitleTest" time="0.124" classname="com.fb.qa.testcases.fbStatusPostingValidation"/>
  <testcase name="postStatusMessageValidate" time="37.828" classname="com.fb.qa.testcases.fbStatusPostingValidation"/>
</testsuite> <!-- Default test -->
